2018-09-06 10:47:08,588  INFO AbstractContextLoader:242 - Could not detect default resource locations for test class [com.example.demo12.Demo12ApplicationTests]: no resource found for suffixes {-context.xml, Context.groovy}.
2018-09-06 10:47:08,666  INFO DefaultTestContextBootstrapper:259 - Loaded default TestExecutionListener class names from location [META-INF/spring.factories]: [org.springframework.test.context.web.ServletTestExecutionListener, org.springframework.test.context.support.DirtiesContextBeforeModesTestExecutionListener, org.springframework.test.context.support.DependencyInjectionTestExecutionListener, org.springframework.test.context.support.DirtiesContextTestExecutionListener, org.springframework.test.context.transaction.TransactionalTestExecutionListener, org.springframework.test.context.jdbc.SqlScriptsTestExecutionListener]
2018-09-06 10:47:08,694  INFO DefaultTestContextBootstrapper:207 - Could not instantiate TestExecutionListener [org.springframework.test.context.jdbc.SqlScriptsTestExecutionListener]. Specify custom listener classes or make the default listener classes (and their required dependencies) available. Offending class: [org/springframework/transaction/interceptor/TransactionAttribute]
2018-09-06 10:47:08,696  INFO DefaultTestContextBootstrapper:207 - Could not instantiate TestExecutionListener [org.springframework.test.context.transaction.TransactionalTestExecutionListener]. Specify custom listener classes or make the default listener classes (and their required dependencies) available. Offending class: [org/springframework/transaction/interceptor/TransactionAttributeSource]
2018-09-06 10:47:08,700  INFO DefaultTestContextBootstrapper:185 - Using TestExecutionListeners: [org.springframework.test.context.web.ServletTestExecutionListener@b62fe6d, org.springframework.test.context.support.DirtiesContextBeforeModesTestExecutionListener@13acb0d1, org.springframework.test.context.support.DependencyInjectionTestExecutionListener@3e3047e6, org.springframework.test.context.support.DirtiesContextTestExecutionListener@37e547da]
2018-09-06 10:47:09,942  INFO Demo12ApplicationTests:48 - Starting Demo12ApplicationTests on greenvm-z15746v with PID 172052 (C:\Users\Administrator\Desktop\demo12\target\test-classes started by Administrator in C:\Users\Administrator\Desktop\demo12)
2018-09-06 10:47:09,943 DEBUG Demo12ApplicationTests:51 - Running with Spring Boot v1.3.2.RELEASE, Spring v4.2.4.RELEASE
2018-09-06 10:47:09,944  INFO Demo12ApplicationTests:666 - No active profile set, falling back to default profiles: default
2018-09-06 10:47:10,023  INFO AnnotationConfigApplicationContext:578 - Refreshing org.springframework.context.annotation.AnnotationConfigApplicationContext@31fa1761: startup date [Thu Sep 06 10:47:10 CST 2018]; root of context hierarchy
2018-09-06 10:47:10,982  INFO Version:17 - HV000001: Hibernate Validator 5.2.2.Final
2018-09-06 10:47:13,040  INFO Demo12ApplicationTests:57 - Started Demo12ApplicationTests in 4.049 seconds (JVM running for 5.779)
2018-09-06 10:47:13,055  INFO Demo12ApplicationTests:18 - 输出info
2018-09-06 10:47:13,055 DEBUG Demo12ApplicationTests:19 - 输出debug
2018-09-06 10:47:13,055 ERROR Demo12ApplicationTests:20 - 输出error
2018-09-06 10:47:13,055  INFO AnnotationConfigApplicationContext:960 - Closing org.springframework.context.annotation.AnnotationConfigApplicationContext@31fa1761: startup date [Thu Sep 06 10:47:10 CST 2018]; root of context hierarchy
2018-09-06 10:47:36,886  INFO Demo12Application:48 - Starting Demo12Application on greenvm-z15746v with PID 211352 (C:\Users\Administrator\Desktop\demo12\target\classes started by Administrator in C:\Users\Administrator\Desktop\demo12)
2018-09-06 10:47:36,891 DEBUG Demo12Application:51 - Running with Spring Boot v1.3.2.RELEASE, Spring v4.2.4.RELEASE
2018-09-06 10:47:36,893  INFO Demo12Application:666 - No active profile set, falling back to default profiles: default
2018-09-06 10:47:36,984  INFO AnnotationConfigEmbeddedWebApplicationContext:578 - Refreshing org.springframework.boot.context.embedded.AnnotationConfigEmbeddedWebApplicationContext@8519cb4: startup date [Thu Sep 06 10:47:36 CST 2018]; root of context hierarchy
2018-09-06 10:47:37,250  INFO Version:17 - HV000001: Hibernate Validator 5.2.2.Final
2018-09-06 10:47:38,576  INFO DefaultListableBeanFactory:839 - Overriding bean definition for bean 'beanNameViewResolver' with a different definition: replacing [Root bean: class [null]; scope=; abstract=false; lazyInit=false; autowireMode=3; dependencyCheck=0; autowireCandidate=true; primary=false; factoryBeanName=org.springframework.boot.autoconfigure.web.ErrorMvcAutoConfiguration$WhitelabelErrorViewConfiguration; factoryMethodName=beanNameViewResolver; initMethodName=null; destroyMethodName=(inferred); defined in class path resource [org/springframework/boot/autoconfigure/web/ErrorMvcAutoConfiguration$WhitelabelErrorViewConfiguration.class]] with [Root bean: class [null]; scope=; abstract=false; lazyInit=false; autowireMode=3; dependencyCheck=0; autowireCandidate=true; primary=false; factoryBeanName=org.springframework.boot.autoconfigure.web.WebMvcAutoConfiguration$WebMvcAutoConfigurationAdapter; factoryMethodName=beanNameViewResolver; initMethodName=null; destroyMethodName=(inferred); defined in class path resource [org/springframework/boot/autoconfigure/web/WebMvcAutoConfiguration$WebMvcAutoConfigurationAdapter.class]]
2018-09-06 10:47:40,255  INFO TomcatEmbeddedServletContainer:81 - Tomcat initialized with port(s): 8080 (http)
2018-09-06 10:47:40,271  INFO StandardService:180 - Starting service Tomcat
2018-09-06 10:47:40,287  INFO StandardEngine:180 - Starting Servlet Engine: Apache Tomcat/8.0.30
2018-09-06 10:47:40,540  INFO [/]:180 - Initializing Spring embedded WebApplicationContext
2018-09-06 10:47:40,540  INFO ContextLoader:272 - Root WebApplicationContext: initialization completed in 3575 ms
2018-09-06 10:47:41,293  INFO ServletRegistrationBean:189 - Mapping servlet: 'dispatcherServlet' to [/]
2018-09-06 10:47:41,309  INFO FilterRegistrationBean:258 - Mapping filter: 'characterEncodingFilter' to: [/*]
2018-09-06 10:47:41,309  INFO FilterRegistrationBean:258 - Mapping filter: 'hiddenHttpMethodFilter' to: [/*]
2018-09-06 10:47:41,309  INFO FilterRegistrationBean:258 - Mapping filter: 'httpPutFormContentFilter' to: [/*]
2018-09-06 10:47:41,309  INFO FilterRegistrationBean:258 - Mapping filter: 'requestContextFilter' to: [/*]
2018-09-06 10:47:42,070  INFO RequestMappingHandlerAdapter:532 - Looking for @ControllerAdvice: org.springframework.boot.context.embedded.AnnotationConfigEmbeddedWebApplicationContext@8519cb4: startup date [Thu Sep 06 10:47:36 CST 2018]; root of context hierarchy
2018-09-06 10:47:42,220  INFO RequestMappingHandlerMapping:527 - Mapped "{[/hello],methods=[GET]}" onto public java.lang.String com.example.demo12.web.HelloController.hello(java.lang.String)
2018-09-06 10:47:42,226  INFO RequestMappingHandlerMapping:527 - Mapped "{[/error]}" onto public org.springframework.http.ResponseEntity<java.util.Map<java.lang.String, java.lang.Object>> org.springframework.boot.autoconfigure.web.BasicErrorController.error(javax.servlet.http.HttpServletRequest)
2018-09-06 10:47:42,226  INFO RequestMappingHandlerMapping:527 - Mapped "{[/error],produces=[text/html]}" onto public org.springframework.web.servlet.ModelAndView org.springframework.boot.autoconfigure.web.BasicErrorController.errorHtml(javax.servlet.http.HttpServletRequest,javax.servlet.http.HttpServletResponse)
2018-09-06 10:47:42,306  INFO SimpleUrlHandlerMapping:341 - Mapped URL path [/webjars/**] onto handler of type [class org.springframework.web.servlet.resource.ResourceHttpRequestHandler]
2018-09-06 10:47:42,306  INFO SimpleUrlHandlerMapping:341 - Mapped URL path [/**] onto handler of type [class org.springframework.web.servlet.resource.ResourceHttpRequestHandler]
2018-09-06 10:47:42,389  INFO SimpleUrlHandlerMapping:341 - Mapped URL path [/**/favicon.ico] onto handler of type [class org.springframework.web.servlet.resource.ResourceHttpRequestHandler]
2018-09-06 10:47:42,889  INFO AnnotationMBeanExporter:431 - Registering beans for JMX exposure on startup
2018-09-06 10:47:42,940  INFO Http11NioProtocol:180 - Initializing ProtocolHandler ["http-nio-8080"]
2018-09-06 10:47:42,956  INFO Http11NioProtocol:180 - Starting ProtocolHandler ["http-nio-8080"]
2018-09-06 10:47:42,956 ERROR Http11NioProtocol:182 - Failed to start end point associated with ProtocolHandler ["http-nio-8080"]
java.net.BindException: Address already in use: bind
	at sun.nio.ch.Net.bind0(Native Method)
	at sun.nio.ch.Net.bind(Net.java:433)
	at sun.nio.ch.Net.bind(Net.java:425)
	at sun.nio.ch.ServerSocketChannelImpl.bind(ServerSocketChannelImpl.java:223)
	at sun.nio.ch.ServerSocketAdaptor.bind(ServerSocketAdaptor.java:74)
	at org.apache.tomcat.util.net.NioEndpoint.bind(NioEndpoint.java:340)
	at org.apache.tomcat.util.net.AbstractEndpoint.start(AbstractEndpoint.java:765)
	at org.apache.coyote.AbstractProtocol.start(AbstractProtocol.java:473)
	at org.apache.catalina.connector.Connector.startInternal(Connector.java:986)
	at org.apache.catalina.util.LifecycleBase.start(LifecycleBase.java:150)
	at org.apache.catalina.core.StandardService.addConnector(StandardService.java:239)
	at org.springframework.boot.context.embedded.tomcat.TomcatEmbeddedServletContainer.addPreviouslyRemovedConnectors(TomcatEmbeddedServletContainer.java:194)
	at org.springframework.boot.context.embedded.tomcat.TomcatEmbeddedServletContainer.start(TomcatEmbeddedServletContainer.java:151)
	at org.springframework.boot.context.embedded.EmbeddedWebApplicationContext.startEmbeddedServletContainer(EmbeddedWebApplicationContext.java:293)
	at org.springframework.boot.context.embedded.EmbeddedWebApplicationContext.finishRefresh(EmbeddedWebApplicationContext.java:141)
	at org.springframework.context.support.AbstractApplicationContext.refresh(AbstractApplicationContext.java:541)
	at org.springframework.boot.context.embedded.EmbeddedWebApplicationContext.refresh(EmbeddedWebApplicationContext.java:118)
	at org.springframework.boot.SpringApplication.refresh(SpringApplication.java:766)
	at org.springframework.boot.SpringApplication.createAndRefreshContext(SpringApplication.java:361)
	at org.springframework.boot.SpringApplication.run(SpringApplication.java:307)
	at org.springframework.boot.SpringApplication.run(SpringApplication.java:1191)
	at org.springframework.boot.SpringApplication.run(SpringApplication.java:1180)
	at com.example.demo12.Demo12Application.main(Demo12Application.java:11)
2018-09-06 10:47:42,971 ERROR StandardService:182 - Failed to start connector [Connector[HTTP/1.1-8080]]
org.apache.catalina.LifecycleException: Failed to start component [Connector[HTTP/1.1-8080]]
	at org.apache.catalina.util.LifecycleBase.start(LifecycleBase.java:154)
	at org.apache.catalina.core.StandardService.addConnector(StandardService.java:239)
	at org.springframework.boot.context.embedded.tomcat.TomcatEmbeddedServletContainer.addPreviouslyRemovedConnectors(TomcatEmbeddedServletContainer.java:194)
	at org.springframework.boot.context.embedded.tomcat.TomcatEmbeddedServletContainer.start(TomcatEmbeddedServletContainer.java:151)
	at org.springframework.boot.context.embedded.EmbeddedWebApplicationContext.startEmbeddedServletContainer(EmbeddedWebApplicationContext.java:293)
	at org.springframework.boot.context.embedded.EmbeddedWebApplicationContext.finishRefresh(EmbeddedWebApplicationContext.java:141)
	at org.springframework.context.support.AbstractApplicationContext.refresh(AbstractApplicationContext.java:541)
	at org.springframework.boot.context.embedded.EmbeddedWebApplicationContext.refresh(EmbeddedWebApplicationContext.java:118)
	at org.springframework.boot.SpringApplication.refresh(SpringApplication.java:766)
	at org.springframework.boot.SpringApplication.createAndRefreshContext(SpringApplication.java:361)
	at org.springframework.boot.SpringApplication.run(SpringApplication.java:307)
	at org.springframework.boot.SpringApplication.run(SpringApplication.java:1191)
	at org.springframework.boot.SpringApplication.run(SpringApplication.java:1180)
	at com.example.demo12.Demo12Application.main(Demo12Application.java:11)
Caused by: org.apache.catalina.LifecycleException: service.getName(): "Tomcat";  Protocol handler start failed
	at org.apache.catalina.connector.Connector.startInternal(Connector.java:993)
	at org.apache.catalina.util.LifecycleBase.start(LifecycleBase.java:150)
	... 13 more
Caused by: java.net.BindException: Address already in use: bind
	at sun.nio.ch.Net.bind0(Native Method)
	at sun.nio.ch.Net.bind(Net.java:433)
	at sun.nio.ch.Net.bind(Net.java:425)
	at sun.nio.ch.ServerSocketChannelImpl.bind(ServerSocketChannelImpl.java:223)
	at sun.nio.ch.ServerSocketAdaptor.bind(ServerSocketAdaptor.java:74)
	at org.apache.tomcat.util.net.NioEndpoint.bind(NioEndpoint.java:340)
	at org.apache.tomcat.util.net.AbstractEndpoint.start(AbstractEndpoint.java:765)
	at org.apache.coyote.AbstractProtocol.start(AbstractProtocol.java:473)
	at org.apache.catalina.connector.Connector.startInternal(Connector.java:986)
	... 14 more
2018-09-06 10:47:43,003  INFO Http11NioProtocol:180 - Pausing ProtocolHandler ["http-nio-8080"]
2018-09-06 10:47:43,004  INFO StandardService:180 - Stopping service Tomcat
2018-09-06 10:47:43,022  INFO LifecycleBase:180 - The stop() method was called on component [StandardServer[-1]] after stop() had already been called. The second call will be ignored.
2018-09-06 10:47:43,023  INFO Http11NioProtocol:180 - Stopping ProtocolHandler ["http-nio-8080"]
2018-09-06 10:47:43,024  INFO Http11NioProtocol:180 - Destroying ProtocolHandler ["http-nio-8080"]
2018-09-06 10:47:43,026 ERROR SpringApplication:827 - Application startup failed
org.springframework.boot.context.embedded.EmbeddedServletContainerException: Unable to start embedded Tomcat servlet container
	at org.springframework.boot.context.embedded.tomcat.TomcatEmbeddedServletContainer.start(TomcatEmbeddedServletContainer.java:165)
	at org.springframework.boot.context.embedded.EmbeddedWebApplicationContext.startEmbeddedServletContainer(EmbeddedWebApplicationContext.java:293)
	at org.springframework.boot.context.embedded.EmbeddedWebApplicationContext.finishRefresh(EmbeddedWebApplicationContext.java:141)
	at org.springframework.context.support.AbstractApplicationContext.refresh(AbstractApplicationContext.java:541)
	at org.springframework.boot.context.embedded.EmbeddedWebApplicationContext.refresh(EmbeddedWebApplicationContext.java:118)
	at org.springframework.boot.SpringApplication.refresh(SpringApplication.java:766)
	at org.springframework.boot.SpringApplication.createAndRefreshContext(SpringApplication.java:361)
	at org.springframework.boot.SpringApplication.run(SpringApplication.java:307)
	at org.springframework.boot.SpringApplication.run(SpringApplication.java:1191)
	at org.springframework.boot.SpringApplication.run(SpringApplication.java:1180)
	at com.example.demo12.Demo12Application.main(Demo12Application.java:11)
Caused by: java.lang.IllegalStateException: Tomcat connector in failed state
	at org.springframework.boot.context.embedded.tomcat.TomcatEmbeddedServletContainer.start(TomcatEmbeddedServletContainer.java:159)
	... 10 more
2018-09-06 10:47:43,026  INFO ClasspathLoggingApplicationListener:57 - Application failed to start with classpath: [file:/C:/Program%20Files/Java/jdk1.8.0_144/jre/lib/charsets.jar, file:/C:/Program%20Files/Java/jdk1.8.0_144/jre/lib/deploy.jar, file:/C:/Program%20Files/Java/jdk1.8.0_144/jre/lib/ext/access-bridge-64.jar, file:/C:/Program%20Files/Java/jdk1.8.0_144/jre/lib/ext/cldrdata.jar, file:/C:/Program%20Files/Java/jdk1.8.0_144/jre/lib/ext/dnsns.jar, file:/C:/Program%20Files/Java/jdk1.8.0_144/jre/lib/ext/jaccess.jar, file:/C:/Program%20Files/Java/jdk1.8.0_144/jre/lib/ext/jfxrt.jar, file:/C:/Program%20Files/Java/jdk1.8.0_144/jre/lib/ext/localedata.jar, file:/C:/Program%20Files/Java/jdk1.8.0_144/jre/lib/ext/nashorn.jar, file:/C:/Program%20Files/Java/jdk1.8.0_144/jre/lib/ext/sunec.jar, file:/C:/Program%20Files/Java/jdk1.8.0_144/jre/lib/ext/sunjce_provider.jar, file:/C:/Program%20Files/Java/jdk1.8.0_144/jre/lib/ext/sunmscapi.jar, file:/C:/Program%20Files/Java/jdk1.8.0_144/jre/lib/ext/sunpkcs11.jar, file:/C:/Program%20Files/Java/jdk1.8.0_144/jre/lib/ext/zipfs.jar, file:/C:/Program%20Files/Java/jdk1.8.0_144/jre/lib/javaws.jar, file:/C:/Program%20Files/Java/jdk1.8.0_144/jre/lib/jce.jar, file:/C:/Program%20Files/Java/jdk1.8.0_144/jre/lib/jfr.jar, file:/C:/Program%20Files/Java/jdk1.8.0_144/jre/lib/jfxswt.jar, file:/C:/Program%20Files/Java/jdk1.8.0_144/jre/lib/jsse.jar, file:/C:/Program%20Files/Java/jdk1.8.0_144/jre/lib/management-agent.jar, file:/C:/Program%20Files/Java/jdk1.8.0_144/jre/lib/plugin.jar, file:/C:/Program%20Files/Java/jdk1.8.0_144/jre/lib/resources.jar, file:/C:/Program%20Files/Java/jdk1.8.0_144/jre/lib/rt.jar, file:/C:/Users/Administrator/Desktop/demo12/target/classes/, file:/C:/Users/Administrator/.m2/repository/org/springframework/boot/spring-boot-starter/1.3.2.RELEASE/spring-boot-starter-1.3.2.RELEASE.jar, file:/C:/Users/Administrator/.m2/repository/org/springframework/boot/spring-boot/1.3.2.RELEASE/spring-boot-1.3.2.RELEASE.jar, file:/C:/Users/Administrator/.m2/repository/org/springframework/spring-context/4.2.4.RELEASE/spring-context-4.2.4.RELEASE.jar, file:/C:/Users/Administrator/.m2/repository/org/springframework/boot/spring-boot-autoconfigure/1.3.2.RELEASE/spring-boot-autoconfigure-1.3.2.RELEASE.jar, file:/C:/Users/Administrator/.m2/repository/org/springframework/spring-core/4.2.4.RELEASE/spring-core-4.2.4.RELEASE.jar, file:/C:/Users/Administrator/.m2/repository/org/yaml/snakeyaml/1.16/snakeyaml-1.16.jar, file:/C:/Users/Administrator/.m2/repository/org/springframework/boot/spring-boot-starter-log4j/1.3.2.RELEASE/spring-boot-starter-log4j-1.3.2.RELEASE.jar, file:/C:/Users/Administrator/.m2/repository/org/slf4j/jcl-over-slf4j/1.7.13/jcl-over-slf4j-1.7.13.jar, file:/C:/Users/Administrator/.m2/repository/org/slf4j/slf4j-api/1.7.13/slf4j-api-1.7.13.jar, file:/C:/Users/Administrator/.m2/repository/org/slf4j/jul-to-slf4j/1.7.13/jul-to-slf4j-1.7.13.jar, file:/C:/Users/Administrator/.m2/repository/org/slf4j/slf4j-log4j12/1.7.13/slf4j-log4j12-1.7.13.jar, file:/C:/Users/Administrator/.m2/repository/log4j/log4j/1.2.17/log4j-1.2.17.jar, file:/C:/Users/Administrator/.m2/repository/org/springframework/boot/spring-boot-starter-web/1.3.2.RELEASE/spring-boot-starter-web-1.3.2.RELEASE.jar, file:/C:/Users/Administrator/.m2/repository/org/springframework/boot/spring-boot-starter-tomcat/1.3.2.RELEASE/spring-boot-starter-tomcat-1.3.2.RELEASE.jar, file:/C:/Users/Administrator/.m2/repository/org/apache/tomcat/embed/tomcat-embed-core/8.0.30/tomcat-embed-core-8.0.30.jar, file:/C:/Users/Administrator/.m2/repository/org/apache/tomcat/embed/tomcat-embed-el/8.0.30/tomcat-embed-el-8.0.30.jar, file:/C:/Users/Administrator/.m2/repository/org/apache/tomcat/embed/tomcat-embed-logging-juli/8.0.30/tomcat-embed-logging-juli-8.0.30.jar, file:/C:/Users/Administrator/.m2/repository/org/apache/tomcat/embed/tomcat-embed-websocket/8.0.30/tomcat-embed-websocket-8.0.30.jar, file:/C:/Users/Administrator/.m2/repository/org/springframework/boot/spring-boot-starter-validation/1.3.2.RELEASE/spring-boot-starter-validation-1.3.2.RELEASE.jar, file:/C:/Users/Administrator/.m2/repository/org/hibernate/hibernate-validator/5.2.2.Final/hibernate-validator-5.2.2.Final.jar, file:/C:/Users/Administrator/.m2/repository/javax/validation/validation-api/1.1.0.Final/validation-api-1.1.0.Final.jar, file:/C:/Users/Administrator/.m2/repository/org/jboss/logging/jboss-logging/3.3.0.Final/jboss-logging-3.3.0.Final.jar, file:/C:/Users/Administrator/.m2/repository/com/fasterxml/classmate/1.1.0/classmate-1.1.0.jar, file:/C:/Users/Administrator/.m2/repository/com/fasterxml/jackson/core/jackson-databind/2.6.5/jackson-databind-2.6.5.jar, file:/C:/Users/Administrator/.m2/repository/com/fasterxml/jackson/core/jackson-annotations/2.6.5/jackson-annotations-2.6.5.jar, file:/C:/Users/Administrator/.m2/repository/com/fasterxml/jackson/core/jackson-core/2.6.5/jackson-core-2.6.5.jar, file:/C:/Users/Administrator/.m2/repository/org/springframework/spring-web/4.2.4.RELEASE/spring-web-4.2.4.RELEASE.jar, file:/C:/Users/Administrator/.m2/repository/org/springframework/spring-beans/4.2.4.RELEASE/spring-beans-4.2.4.RELEASE.jar, file:/C:/Users/Administrator/.m2/repository/org/springframework/spring-webmvc/4.2.4.RELEASE/spring-webmvc-4.2.4.RELEASE.jar, file:/C:/Users/Administrator/.m2/repository/org/springframework/spring-expression/4.2.4.RELEASE/spring-expression-4.2.4.RELEASE.jar, file:/C:/Users/Administrator/.m2/repository/org/springframework/boot/spring-boot-starter-aop/1.3.2.RELEASE/spring-boot-starter-aop-1.3.2.RELEASE.jar, file:/C:/Users/Administrator/.m2/repository/org/springframework/spring-aop/4.2.4.RELEASE/spring-aop-4.2.4.RELEASE.jar, file:/C:/Users/Administrator/.m2/repository/aopalliance/aopalliance/1.0/aopalliance-1.0.jar, file:/C:/Users/Administrator/.m2/repository/org/aspectj/aspectjweaver/1.8.8/aspectjweaver-1.8.8.jar, file:/C:/Intellij%20IDEA/IntelliJ%20IDEA%202017.2.5/lib/idea_rt.jar]
2018-09-06 10:48:31,279  INFO Demo12Application:48 - Starting Demo12Application on greenvm-z15746v with PID 209464 (C:\Users\Administrator\Desktop\demo12\target\classes started by Administrator in C:\Users\Administrator\Desktop\demo12)
2018-09-06 10:48:31,279 DEBUG Demo12Application:51 - Running with Spring Boot v1.3.2.RELEASE, Spring v4.2.4.RELEASE
2018-09-06 10:48:31,279  INFO Demo12Application:666 - No active profile set, falling back to default profiles: default
2018-09-06 10:48:31,406  INFO AnnotationConfigEmbeddedWebApplicationContext:578 - Refreshing org.springframework.boot.context.embedded.AnnotationConfigEmbeddedWebApplicationContext@28261e8e: startup date [Thu Sep 06 10:48:31 CST 2018]; root of context hierarchy
2018-09-06 10:48:31,631  INFO Version:17 - HV000001: Hibernate Validator 5.2.2.Final
2018-09-06 10:48:32,591  INFO DefaultListableBeanFactory:839 - Overriding bean definition for bean 'beanNameViewResolver' with a different definition: replacing [Root bean: class [null]; scope=; abstract=false; lazyInit=false; autowireMode=3; dependencyCheck=0; autowireCandidate=true; primary=false; factoryBeanName=org.springframework.boot.autoconfigure.web.ErrorMvcAutoConfiguration$WhitelabelErrorViewConfiguration; factoryMethodName=beanNameViewResolver; initMethodName=null; destroyMethodName=(inferred); defined in class path resource [org/springframework/boot/autoconfigure/web/ErrorMvcAutoConfiguration$WhitelabelErrorViewConfiguration.class]] with [Root bean: class [null]; scope=; abstract=false; lazyInit=false; autowireMode=3; dependencyCheck=0; autowireCandidate=true; primary=false; factoryBeanName=org.springframework.boot.autoconfigure.web.WebMvcAutoConfiguration$WebMvcAutoConfigurationAdapter; factoryMethodName=beanNameViewResolver; initMethodName=null; destroyMethodName=(inferred); defined in class path resource [org/springframework/boot/autoconfigure/web/WebMvcAutoConfiguration$WebMvcAutoConfigurationAdapter.class]]
2018-09-06 10:48:34,045  INFO TomcatEmbeddedServletContainer:81 - Tomcat initialized with port(s): 8080 (http)
2018-09-06 10:48:34,066  INFO StandardService:180 - Starting service Tomcat
2018-09-06 10:48:34,066  INFO StandardEngine:180 - Starting Servlet Engine: Apache Tomcat/8.0.30
2018-09-06 10:48:34,208  INFO [/]:180 - Initializing Spring embedded WebApplicationContext
2018-09-06 10:48:34,208  INFO ContextLoader:272 - Root WebApplicationContext: initialization completed in 2818 ms
2018-09-06 10:48:34,997  INFO ServletRegistrationBean:189 - Mapping servlet: 'dispatcherServlet' to [/]
2018-09-06 10:48:35,007  INFO FilterRegistrationBean:258 - Mapping filter: 'characterEncodingFilter' to: [/*]
2018-09-06 10:48:35,008  INFO FilterRegistrationBean:258 - Mapping filter: 'hiddenHttpMethodFilter' to: [/*]
2018-09-06 10:48:35,009  INFO FilterRegistrationBean:258 - Mapping filter: 'httpPutFormContentFilter' to: [/*]
2018-09-06 10:48:35,009  INFO FilterRegistrationBean:258 - Mapping filter: 'requestContextFilter' to: [/*]
2018-09-06 10:48:35,515  INFO RequestMappingHandlerAdapter:532 - Looking for @ControllerAdvice: org.springframework.boot.context.embedded.AnnotationConfigEmbeddedWebApplicationContext@28261e8e: startup date [Thu Sep 06 10:48:31 CST 2018]; root of context hierarchy
2018-09-06 10:48:35,638  INFO RequestMappingHandlerMapping:527 - Mapped "{[/hello],methods=[GET]}" onto public java.lang.String com.example.demo12.web.HelloController.hello(java.lang.String)
2018-09-06 10:48:35,654  INFO RequestMappingHandlerMapping:527 - Mapped "{[/error]}" onto public org.springframework.http.ResponseEntity<java.util.Map<java.lang.String, java.lang.Object>> org.springframework.boot.autoconfigure.web.BasicErrorController.error(javax.servlet.http.HttpServletRequest)
2018-09-06 10:48:35,654  INFO RequestMappingHandlerMapping:527 - Mapped "{[/error],produces=[text/html]}" onto public org.springframework.web.servlet.ModelAndView org.springframework.boot.autoconfigure.web.BasicErrorController.errorHtml(javax.servlet.http.HttpServletRequest,javax.servlet.http.HttpServletResponse)
2018-09-06 10:48:35,772  INFO SimpleUrlHandlerMapping:341 - Mapped URL path [/webjars/**] onto handler of type [class org.springframework.web.servlet.resource.ResourceHttpRequestHandler]
2018-09-06 10:48:35,772  INFO SimpleUrlHandlerMapping:341 - Mapped URL path [/**] onto handler of type [class org.springframework.web.servlet.resource.ResourceHttpRequestHandler]
2018-09-06 10:48:35,882  INFO SimpleUrlHandlerMapping:341 - Mapped URL path [/**/favicon.ico] onto handler of type [class org.springframework.web.servlet.resource.ResourceHttpRequestHandler]
2018-09-06 10:48:36,340  INFO AnnotationMBeanExporter:431 - Registering beans for JMX exposure on startup
2018-09-06 10:48:36,387  INFO Http11NioProtocol:180 - Initializing ProtocolHandler ["http-nio-8080"]
2018-09-06 10:48:36,393  INFO Http11NioProtocol:180 - Starting ProtocolHandler ["http-nio-8080"]
2018-09-06 10:48:36,424  INFO NioSelectorPool:180 - Using a shared selector for servlet write/read
2018-09-06 10:48:36,456  INFO TomcatEmbeddedServletContainer:162 - Tomcat started on port(s): 8080 (http)
2018-09-06 10:48:36,456  INFO Demo12Application:57 - Started Demo12Application in 5.575 seconds (JVM running for 6.563)
2018-09-06 10:49:56,371  INFO Demo12Application:48 - Starting Demo12Application on greenvm-z15746v with PID 210116 (C:\Users\Administrator\Desktop\demo12\target\classes started by Administrator in C:\Users\Administrator\Desktop\demo12)
2018-09-06 10:49:56,371 DEBUG Demo12Application:51 - Running with Spring Boot v1.3.2.RELEASE, Spring v4.2.4.RELEASE
2018-09-06 10:49:56,371  INFO Demo12Application:666 - No active profile set, falling back to default profiles: default
2018-09-06 10:49:56,482  INFO AnnotationConfigEmbeddedWebApplicationContext:578 - Refreshing org.springframework.boot.context.embedded.AnnotationConfigEmbeddedWebApplicationContext@18271936: startup date [Thu Sep 06 10:49:56 CST 2018]; root of context hierarchy
2018-09-06 10:49:56,755  INFO Version:17 - HV000001: Hibernate Validator 5.2.2.Final
2018-09-06 10:49:57,724  INFO DefaultListableBeanFactory:839 - Overriding bean definition for bean 'beanNameViewResolver' with a different definition: replacing [Root bean: class [null]; scope=; abstract=false; lazyInit=false; autowireMode=3; dependencyCheck=0; autowireCandidate=true; primary=false; factoryBeanName=org.springframework.boot.autoconfigure.web.ErrorMvcAutoConfiguration$WhitelabelErrorViewConfiguration; factoryMethodName=beanNameViewResolver; initMethodName=null; destroyMethodName=(inferred); defined in class path resource [org/springframework/boot/autoconfigure/web/ErrorMvcAutoConfiguration$WhitelabelErrorViewConfiguration.class]] with [Root bean: class [null]; scope=; abstract=false; lazyInit=false; autowireMode=3; dependencyCheck=0; autowireCandidate=true; primary=false; factoryBeanName=org.springframework.boot.autoconfigure.web.WebMvcAutoConfiguration$WebMvcAutoConfigurationAdapter; factoryMethodName=beanNameViewResolver; initMethodName=null; destroyMethodName=(inferred); defined in class path resource [org/springframework/boot/autoconfigure/web/WebMvcAutoConfiguration$WebMvcAutoConfigurationAdapter.class]]
2018-09-06 10:49:59,153  INFO TomcatEmbeddedServletContainer:81 - Tomcat initialized with port(s): 8080 (http)
2018-09-06 10:49:59,169  INFO StandardService:180 - Starting service Tomcat
2018-09-06 10:49:59,171  INFO StandardEngine:180 - Starting Servlet Engine: Apache Tomcat/8.0.30
2018-09-06 10:49:59,331  INFO [/]:180 - Initializing Spring embedded WebApplicationContext
2018-09-06 10:49:59,331  INFO ContextLoader:272 - Root WebApplicationContext: initialization completed in 2854 ms
2018-09-06 10:50:00,138  INFO ServletRegistrationBean:189 - Mapping servlet: 'dispatcherServlet' to [/]
2018-09-06 10:50:00,138  INFO FilterRegistrationBean:258 - Mapping filter: 'characterEncodingFilter' to: [/*]
2018-09-06 10:50:00,138  INFO FilterRegistrationBean:258 - Mapping filter: 'hiddenHttpMethodFilter' to: [/*]
2018-09-06 10:50:00,138  INFO FilterRegistrationBean:258 - Mapping filter: 'httpPutFormContentFilter' to: [/*]
2018-09-06 10:50:00,138  INFO FilterRegistrationBean:258 - Mapping filter: 'requestContextFilter' to: [/*]
2018-09-06 10:50:00,620  INFO RequestMappingHandlerAdapter:532 - Looking for @ControllerAdvice: org.springframework.boot.context.embedded.AnnotationConfigEmbeddedWebApplicationContext@18271936: startup date [Thu Sep 06 10:49:56 CST 2018]; root of context hierarchy
2018-09-06 10:50:00,765  INFO RequestMappingHandlerMapping:527 - Mapped "{[/hello],methods=[GET]}" onto public java.lang.String com.example.demo12.web.HelloController.hello(java.lang.String)
2018-09-06 10:50:00,765  INFO RequestMappingHandlerMapping:527 - Mapped "{[/error]}" onto public org.springframework.http.ResponseEntity<java.util.Map<java.lang.String, java.lang.Object>> org.springframework.boot.autoconfigure.web.BasicErrorController.error(javax.servlet.http.HttpServletRequest)
2018-09-06 10:50:00,765  INFO RequestMappingHandlerMapping:527 - Mapped "{[/error],produces=[text/html]}" onto public org.springframework.web.servlet.ModelAndView org.springframework.boot.autoconfigure.web.BasicErrorController.errorHtml(javax.servlet.http.HttpServletRequest,javax.servlet.http.HttpServletResponse)
2018-09-06 10:50:00,859  INFO SimpleUrlHandlerMapping:341 - Mapped URL path [/webjars/**] onto handler of type [class org.springframework.web.servlet.resource.ResourceHttpRequestHandler]
2018-09-06 10:50:00,859  INFO SimpleUrlHandlerMapping:341 - Mapped URL path [/**] onto handler of type [class org.springframework.web.servlet.resource.ResourceHttpRequestHandler]
2018-09-06 10:50:00,940  INFO SimpleUrlHandlerMapping:341 - Mapped URL path [/**/favicon.ico] onto handler of type [class org.springframework.web.servlet.resource.ResourceHttpRequestHandler]
2018-09-06 10:50:01,357  INFO AnnotationMBeanExporter:431 - Registering beans for JMX exposure on startup
2018-09-06 10:50:01,404  INFO Http11NioProtocol:180 - Initializing ProtocolHandler ["http-nio-8080"]
2018-09-06 10:50:01,425  INFO Http11NioProtocol:180 - Starting ProtocolHandler ["http-nio-8080"]
2018-09-06 10:50:01,458  INFO NioSelectorPool:180 - Using a shared selector for servlet write/read
2018-09-06 10:50:01,508  INFO TomcatEmbeddedServletContainer:162 - Tomcat started on port(s): 8080 (http)
2018-09-06 10:50:01,508  INFO Demo12Application:57 - Started Demo12Application in 5.534 seconds (JVM running for 6.412)
2018-09-06 10:50:28,890  INFO [/]:180 - Initializing Spring FrameworkServlet 'dispatcherServlet'
2018-09-06 10:50:28,891  INFO DispatcherServlet:489 - FrameworkServlet 'dispatcherServlet': initialization started
2018-09-06 10:50:28,978  INFO DispatcherServlet:508 - FrameworkServlet 'dispatcherServlet': initialization completed in 87 ms
2018-09-06 10:50:29,174  INFO WebLogAspect:37 - URL : http://127.0.0.1:8080/hello
2018-09-06 10:50:29,175  INFO WebLogAspect:38 - HTTP_METHOD : GET
2018-09-06 10:50:29,176  INFO WebLogAspect:39 - IP : 127.0.0.1
2018-09-06 10:50:29,180  INFO WebLogAspect:40 - CLASS_METHOD : com.example.demo12.web.HelloController.hello
2018-09-06 10:50:29,180  INFO WebLogAspect:41 - ARGS : [moons]
2018-09-06 10:50:29,188  INFO WebLogAspect:48 - RESPONSE : Hello moons
2018-09-06 10:50:29,189  INFO WebLogAspect:49 - SPEND TIME : 15
